<?xml version="1.0" encoding="UTF-8"?>
<robot generator="Robot 3.2.1 (Python 3.7.6 on win32)" generated="20200729 09:05:17.574" rpa="false">
<suite id="s1" name="Login Tests" source="C:\Users\nares.DESKTOP-GSUDTC4\PycharmProjects\Dexcom\login_tests">
<suite id="s1-s1" name="Gherkin Login" source="C:\Users\nares.DESKTOP-GSUDTC4\PycharmProjects\Dexcom\login_tests\gherkin_login.robot">
<test id="s1-s1-t1" name="Valid Login">
<kw name="Given I opened the login page">
<kw name="Open login page" library="resource">
<kw name="Open Browser" library="SeleniumLibrary">
<doc>Opens a new browser instance to the optional ``url``.</doc>
<arguments>
<arg>${SERVER}</arg>
<arg>${BROWSER}</arg>
</arguments>
<msg timestamp="20200729 09:05:17.859" level="INFO">Opening browser 'Chrome' to base url 'https://clarity.dexcom.com/'.</msg>
<status status="PASS" starttime="20200729 09:05:17.859" endtime="20200729 09:05:23.822"></status>
</kw>
<kw name="Maximize Browser Window" library="SeleniumLibrary">
<doc>Maximizes current browser window.</doc>
<status status="PASS" starttime="20200729 09:05:23.822" endtime="20200729 09:05:26.001"></status>
</kw>
<kw name="Set Selenium Speed" library="SeleniumLibrary">
<doc>Sets the delay that is waited after each Selenium command.</doc>
<arguments>
<arg>${DELAY}</arg>
</arguments>
<status status="PASS" starttime="20200729 09:05:26.002" endtime="20200729 09:05:26.002"></status>
</kw>
<kw name="Click Link" library="SeleniumLibrary">
<doc>Clicks a link identified by ``locator``.</doc>
<arguments>
<arg>link:Dexcom CLARITY for Home Users</arg>
</arguments>
<msg timestamp="20200729 09:05:26.003" level="INFO">Clicking link 'link:Dexcom CLARITY for Home Users'.</msg>
<status status="PASS" starttime="20200729 09:05:26.002" endtime="20200729 09:05:27.164"></status>
</kw>
<status status="PASS" starttime="20200729 09:05:17.859" endtime="20200729 09:05:27.164"></status>
</kw>
<status status="PASS" starttime="20200729 09:05:17.859" endtime="20200729 09:05:27.164"></status>
</kw>
<kw name="When I login with &quot;nilepatest001&quot; and password &quot;Password@1&quot;">
<kw name="Input Username" library="resource">
<arguments>
<arg>${username}</arg>
</arguments>
<kw name="Input Text" library="SeleniumLibrary">
<doc>Types the given ``text`` into the text field identified by ``locator``.</doc>
<arguments>
<arg>username</arg>
<arg>${username}</arg>
</arguments>
<msg timestamp="20200729 09:05:27.167" level="INFO">Typing text 'nilepatest001' into text field 'username'.</msg>
<status status="PASS" starttime="20200729 09:05:27.167" endtime="20200729 09:05:27.484"></status>
</kw>
<status status="PASS" starttime="20200729 09:05:27.166" endtime="20200729 09:05:27.485"></status>
</kw>
<kw name="Input Password" library="resource">
<arguments>
<arg>${password}</arg>
</arguments>
<kw name="Input Text" library="SeleniumLibrary">
<doc>Types the given ``text`` into the text field identified by ``locator``.</doc>
<arguments>
<arg>password</arg>
<arg>${password}</arg>
</arguments>
<msg timestamp="20200729 09:05:27.486" level="INFO">Typing text 'Password@1' into text field 'password'.</msg>
<status status="PASS" starttime="20200729 09:05:27.485" endtime="20200729 09:05:27.629"></status>
</kw>
<status status="PASS" starttime="20200729 09:05:27.485" endtime="20200729 09:05:27.630"></status>
</kw>
<kw name="Submit Credentials" library="resource">
<kw name="Click Button" library="SeleniumLibrary">
<doc>Clicks the button identified by ``locator``.</doc>
<arguments>
<arg>xpath://*[@id="edit-actions"]/input</arg>
</arguments>
<msg timestamp="20200729 09:05:27.631" level="INFO">Clicking button 'xpath://*[@id="edit-actions"]/input'.</msg>
<status status="PASS" starttime="20200729 09:05:27.630" endtime="20200729 09:05:28.561"></status>
</kw>
<status status="PASS" starttime="20200729 09:05:27.630" endtime="20200729 09:05:28.561"></status>
</kw>
<status status="PASS" starttime="20200729 09:05:27.165" endtime="20200729 09:05:28.561"></status>
</kw>
<kw name="Close Browser" library="SeleniumLibrary" type="teardown">
<doc>Closes the current browser.</doc>
<status status="PASS" starttime="20200729 09:05:28.562" endtime="20200729 09:05:30.789"></status>
</kw>
<status status="PASS" starttime="20200729 09:05:17.859" endtime="20200729 09:05:30.789" critical="yes"></status>
</test>
<doc>test suite with BDD and Robot framework style test.</doc>
<status status="PASS" starttime="20200729 09:05:17.605" endtime="20200729 09:05:30.789"></status>
</suite>
<status status="PASS" starttime="20200729 09:05:17.574" endtime="20200729 09:05:30.805"></status>
</suite>
<statistics>
<total>
<stat pass="1" fail="0">Critical Tests</stat>
<stat pass="1" fail="0">All Tests</stat>
</total>
<tag>
</tag>
<suite>
<stat pass="1" fail="0" id="s1" name="Login Tests">Login Tests</stat>
<stat pass="1" fail="0" id="s1-s1" name="Gherkin Login">Login Tests.Gherkin Login</stat>
</suite>
</statistics>
<errors>
</errors>
</robot>
